Traceback (most recent call last):
  File "/usr/share/miniconda3/envs/test/lib/python3.8/site-packages/jupyter_cache/executors/utils.py", line 58, in single_nb_execution
    executenb(
  File "/usr/share/miniconda3/envs/test/lib/python3.8/site-packages/nbclient/client.py", line 1204, in execute
    return NotebookClient(nb=nb, resources=resources, km=km, **kwargs).execute()
  File "/usr/share/miniconda3/envs/test/lib/python3.8/site-packages/nbclient/util.py", line 84, in wrapped
    return just_run(coro(*args, **kwargs))
  File "/usr/share/miniconda3/envs/test/lib/python3.8/site-packages/nbclient/util.py", line 62, in just_run
    return loop.run_until_complete(coro)
  File "/usr/share/miniconda3/envs/test/lib/python3.8/asyncio/base_events.py", line 616, in run_until_complete
    return future.result()
  File "/usr/share/miniconda3/envs/test/lib/python3.8/site-packages/nbclient/client.py", line 663, in async_execute
    await self.async_execute_cell(
  File "/usr/share/miniconda3/envs/test/lib/python3.8/site-packages/nbclient/client.py", line 965, in async_execute_cell
    await self._check_raise_for_error(cell, cell_index, exec_reply)
  File "/usr/share/miniconda3/envs/test/lib/python3.8/site-packages/nbclient/client.py", line 862, in _check_raise_for_error
    raise CellExecutionError.from_cell_and_msg(cell, exec_reply_content)
nbclient.exceptions.CellExecutionError: An error occurred while executing the following cell:
------------------
im = op.topotools.template_cylinder_annulus(10, 8, 4)
net = op.network.CubicTemplate(im)
------------------

[0;31m---------------------------------------------------------------------------[0m
[0;31mTypeError[0m                                 Traceback (most recent call last)
Input [0;32mIn [2][0m, in [0;36m<cell line: 1>[0;34m()[0m
[0;32m----> 1[0m im [38;5;241m=[39m [43mop[49m[38;5;241;43m.[39;49m[43mtopotools[49m[38;5;241;43m.[39;49m[43mtemplate_cylinder_annulus[49m[43m([49m[38;5;241;43m10[39;49m[43m,[49m[43m [49m[38;5;241;43m8[39;49m[43m,[49m[43m [49m[38;5;241;43m4[39;49m[43m)[49m
[1;32m      2[0m net [38;5;241m=[39m op[38;5;241m.[39mnetwork[38;5;241m.[39mCubicTemplate(im)

[0;31mTypeError[0m: template_cylinder_annulus() takes 0 positional arguments but 3 were given
TypeError: template_cylinder_annulus() takes 0 positional arguments but 3 were given

