Traceback (most recent call last):
  File "/usr/share/miniconda3/envs/test/lib/python3.8/site-packages/jupyter_cache/executors/utils.py", line 58, in single_nb_execution
    executenb(
  File "/usr/share/miniconda3/envs/test/lib/python3.8/site-packages/nbclient/client.py", line 1204, in execute
    return NotebookClient(nb=nb, resources=resources, km=km, **kwargs).execute()
  File "/usr/share/miniconda3/envs/test/lib/python3.8/site-packages/nbclient/util.py", line 84, in wrapped
    return just_run(coro(*args, **kwargs))
  File "/usr/share/miniconda3/envs/test/lib/python3.8/site-packages/nbclient/util.py", line 62, in just_run
    return loop.run_until_complete(coro)
  File "/usr/share/miniconda3/envs/test/lib/python3.8/asyncio/base_events.py", line 616, in run_until_complete
    return future.result()
  File "/usr/share/miniconda3/envs/test/lib/python3.8/site-packages/nbclient/client.py", line 663, in async_execute
    await self.async_execute_cell(
  File "/usr/share/miniconda3/envs/test/lib/python3.8/site-packages/nbclient/client.py", line 965, in async_execute_cell
    await self._check_raise_for_error(cell, cell_index, exec_reply)
  File "/usr/share/miniconda3/envs/test/lib/python3.8/site-packages/nbclient/client.py", line 862, in _check_raise_for_error
    raise CellExecutionError.from_cell_and_msg(cell, exec_reply_content)
nbclient.exceptions.CellExecutionError: An error occurred while executing the following cell:
------------------
np.random.seed(0)
pn = op.network.Delaunay(points=4, shape=[1, 1, 0])
op.topotools.plot_tutorial(pn)
------------------

[0;31m---------------------------------------------------------------------------[0m
[0;31mTypeError[0m                                 Traceback (most recent call last)
Input [0;32mIn [23][0m, in [0;36m<cell line: 2>[0;34m()[0m
[1;32m      1[0m np[38;5;241m.[39mrandom[38;5;241m.[39mseed([38;5;241m0[39m)
[0;32m----> 2[0m pn [38;5;241m=[39m [43mop[49m[38;5;241;43m.[39;49m[43mnetwork[49m[38;5;241;43m.[39;49m[43mDelaunay[49m[43m([49m[43mpoints[49m[38;5;241;43m=[39;49m[38;5;241;43m4[39;49m[43m,[49m[43m [49m[43mshape[49m[38;5;241;43m=[39;49m[43m[[49m[38;5;241;43m1[39;49m[43m,[49m[43m [49m[38;5;241;43m1[39;49m[43m,[49m[43m [49m[38;5;241;43m0[39;49m[43m][49m[43m)[49m
[1;32m      3[0m op[38;5;241m.[39mtopotools[38;5;241m.[39mplot_tutorial(pn)

File [0;32m~/work/OpenPNM/OpenPNM/openpnm/network/_delaunay.py:53[0m, in [0;36mDelaunay.__init__[0;34m(self, shape, points, **kwargs)[0m
[1;32m     52[0m [38;5;28;01mdef[39;00m [38;5;21m__init__[39m([38;5;28mself[39m, shape[38;5;241m=[39m[[38;5;241m1[39m, [38;5;241m1[39m, [38;5;241m1[39m], points[38;5;241m=[39m[38;5;28;01mNone[39;00m, [38;5;241m*[39m[38;5;241m*[39mkwargs):
[0;32m---> 53[0m     [38;5;28;43msuper[39;49m[43m([49m[43m)[49m[38;5;241;43m.[39;49m[38;5;21;43m__init__[39;49m[43m([49m[38;5;241;43m*[39;49m[38;5;241;43m*[39;49m[43mkwargs[49m[43m)[49m
[1;32m     54[0m     points [38;5;241m=[39m tools[38;5;241m.[39mparse_points(shape[38;5;241m=[39mshape, points[38;5;241m=[39mpoints)
[1;32m     55[0m     net, tri [38;5;241m=[39m delaunay(points[38;5;241m=[39mpoints, shape[38;5;241m=[39mshape,
[1;32m     56[0m                         node_prefix[38;5;241m=[39m[38;5;124m'[39m[38;5;124mpore[39m[38;5;124m'[39m, edge_prefix[38;5;241m=[39m[38;5;124m'[39m[38;5;124mthroat[39m[38;5;124m'[39m)

File [0;32m~/work/OpenPNM/OpenPNM/openpnm/network/_network.py:107[0m, in [0;36mNetwork.__init__[0;34m(self, conns, coords, name, **kwargs)[0m
[1;32m    104[0m     conns [38;5;241m=[39m np[38;5;241m.[39marray(conns)
[1;32m    105[0m     [38;5;28mself[39m[[38;5;124m'[39m[38;5;124mthroat.conns[39m[38;5;124m'[39m] [38;5;241m=[39m conns
[0;32m--> 107[0m [38;5;28;43mself[39;49m[38;5;241;43m.[39;49m[43madd_model[49m[43m([49m[43mpropname[49m[38;5;241;43m=[39;49m[38;5;124;43m'[39;49m[38;5;124;43mpore.coordination_number[39;49m[38;5;124;43m'[39;49m[43m,[49m
[1;32m    108[0m [43m               [49m[43mmodel[49m[38;5;241;43m=[39;49m[43mmods[49m[38;5;241;43m.[39;49m[43mcoordination_number[49m[43m,[49m
[1;32m    109[0m [43m               [49m[43mregen_mode[49m[38;5;241;43m=[39;49m[38;5;124;43m'[39;49m[38;5;124;43mdeferred[39;49m[38;5;124;43m'[39;49m[43m)[49m
[1;32m    110[0m [38;5;28mself[39m[38;5;241m.[39madd_model(propname[38;5;241m=[39m[38;5;124m'[39m[38;5;124mthroat.spacing[39m[38;5;124m'[39m,
[1;32m    111[0m                model[38;5;241m=[39mmods[38;5;241m.[39mpore_to_pore_distance,
[1;32m    112[0m                regen_mode[38;5;241m=[39m[38;5;124m'[39m[38;5;124mdeferred[39m[38;5;124m'[39m)

File [0;32m~/work/OpenPNM/OpenPNM/openpnm/core/_base2.py:474[0m, in [0;36mModelMixin2.add_model[0;34m(self, propname, model, domain, regen_mode, **kwargs)[0m
[1;32m    472[0m     element, prop [38;5;241m=[39m propname[38;5;241m.[39msplit([38;5;124m'[39m[38;5;124m.[39m[38;5;124m'[39m, [38;5;241m1[39m)
[1;32m    473[0m     [38;5;28;01mif[39;00m element [38;5;241m+[39m [38;5;124m'[39m[38;5;124m.[39m[38;5;124m'[39m [38;5;241m+[39m domain [38;5;129;01mnot[39;00m [38;5;129;01min[39;00m [38;5;28mself[39m[38;5;241m.[39mkeys() [38;5;129;01mand[39;00m (prop [38;5;241m!=[39m [38;5;124m'[39m[38;5;124mall[39m[38;5;124m'[39m):
[0;32m--> 474[0m         [38;5;28;43mself[39;49m[43m[[49m[43melement[49m[43m [49m[38;5;241;43m+[39;49m[43m [49m[38;5;124;43m'[39;49m[38;5;124;43m.[39;49m[38;5;124;43m'[39;49m[43m [49m[38;5;241;43m+[39;49m[43m [49m[43mdomain[49m[43m][49m [38;5;241m=[39m [38;5;28;01mTrue[39;00m
[1;32m    475[0m     domain [38;5;241m=[39m domain[38;5;241m.[39msplit([38;5;124m'[39m[38;5;124m.[39m[38;5;124m'[39m, [38;5;241m1[39m)[[38;5;241m-[39m[38;5;241m1[39m]
[1;32m    477[0m [38;5;66;03m# Add model and regen_mode to kwargs dictionary[39;00m

File [0;32m~/work/OpenPNM/OpenPNM/openpnm/network/_network.py:119[0m, in [0;36mNetwork.__setitem__[0;34m(self, key, value)[0m
[1;32m    117[0m         logger[38;5;241m.[39mwarning([38;5;124m'[39m[38;5;124mConverting throat.conns to be upper triangular[39m[38;5;124m'[39m)
[1;32m    118[0m         value [38;5;241m=[39m np[38;5;241m.[39msort(value, axis[38;5;241m=[39m[38;5;241m1[39m)
[0;32m--> 119[0m [38;5;28;43msuper[39;49m[43m([49m[43m)[49m[38;5;241;43m.[39;49m[38;5;21;43m__setitem__[39;49m[43m([49m[43mkey[49m[43m,[49m[43m [49m[43mvalue[49m[43m)[49m

File [0;32m~/work/OpenPNM/OpenPNM/openpnm/core/_base2.py:143[0m, in [0;36mBase2.__setitem__[0;34m(self, key, value)[0m
[1;32m    141[0m     [38;5;28;01mreturn[39;00m
[1;32m    142[0m [38;5;66;03m# Finally write data[39;00m
[0;32m--> 143[0m [38;5;28;01mif[39;00m [38;5;28;43mself[39;49m[38;5;241;43m.[39;49m[43m_count[49m[43m([49m[43melement[49m[43m)[49m [38;5;129;01mis[39;00m [38;5;28;01mNone[39;00m:
[1;32m    144[0m     [38;5;28mself[39m[38;5;241m.[39mupdate({key: value})  [38;5;66;03m# If length not defined, do it[39;00m
[1;32m    145[0m [38;5;28;01melif[39;00m value[38;5;241m.[39mshape[[38;5;241m0[39m] [38;5;241m==[39m [38;5;241m1[39m:  [38;5;66;03m# If value is scalar[39;00m

File [0;32m~/work/OpenPNM/OpenPNM/openpnm/core/_base2.py:334[0m, in [0;36mBase2._count[0;34m(self, element)[0m
[1;32m    332[0m network [38;5;241m=[39m [38;5;28mself[39m[38;5;241m.[39mnetwork
[1;32m    333[0m [38;5;28;01mif[39;00m element [38;5;241m==[39m [38;5;124m'[39m[38;5;124mpore[39m[38;5;124m'[39m:
[0;32m--> 334[0m     N [38;5;241m=[39m [43mnetwork[49m[43m[[49m[38;5;124;43m'[39;49m[38;5;124;43mpore.coords[39;49m[38;5;124;43m'[39;49m[43m][49m[38;5;241m.[39mshape[[38;5;241m0[39m]
[1;32m    335[0m [38;5;28;01melif[39;00m element [38;5;241m==[39m [38;5;124m'[39m[38;5;124mthroat[39m[38;5;124m'[39m:
[1;32m    336[0m     N [38;5;241m=[39m network[[38;5;124m'[39m[38;5;124mthroat.conns[39m[38;5;124m'[39m][38;5;241m.[39mshape[[38;5;241m0[39m]

[0;31mTypeError[0m: 'NoneType' object is not subscriptable
TypeError: 'NoneType' object is not subscriptable

